[0416/032428:ERROR:process_reader_win.cc(141)] SuspendThread: Access is denied. (0x5)
[0416/032429:ERROR:process_reader_win.cc(232)] ReadMemory at 0x76dc9d70 of 28 bytes failed: Only part of a ReadProcessMemory or WriteProcessMemory request was completed. (0x12B)
[0416/032429:WARNING:pe_image_reader.cc(134)] could not read data directory from C:\Windows\system32\ole32.dll
[0416/032429:ERROR:process_reader_win.cc(232)] ReadMemory at 0x76950000 of 64 bytes failed: Only part of a ReadProcessMemory or WriteProcessMemory request was completed. (0x12B)
[0416/032429:WARNING:pe_image_reader.cc(280)] could not read dos header from C:\Windows\system32\OLEAUT32.dll
[0416/032429:ERROR:process_reader_win.cc(232)] ReadMemory at 0x76940000 of 64 bytes failed: Only part of a ReadProcessMemory or WriteProcessMemory request was completed. (0x12B)
[0416/032429:WARNING:pe_image_reader.cc(280)] could not read dos header from C:\Windows\system32\NSI.dll
[0416/032429:ERROR:process_reader_win.cc(232)] ReadMemory at 0x729b0000 of 64 bytes failed: Only part of a ReadProcessMemory or WriteProcessMemory request was completed. (0x12B)
[0416/032429:WARNING:pe_image_reader.cc(280)] could not read dos header from C:\Windows\system32\WINNSI.DLL
[0416/032429:ERROR:process_reader_win.cc(232)] ReadMemory at 0x729c0000 of 64 bytes failed: Only part of a ReadProcessMemory or WriteProcessMemory request was completed. (0x12B)
[0416/032429:WARNING:pe_image_reader.cc(280)] could not read dos header from C:\Windows\system32\IPHLPAPI.DLL
[0416/032429:ERROR:process_reader_win.cc(232)] ReadMemory at 0x75430000 of 64 bytes failed: Only part of a ReadProcessMemory or WriteProcessMemory request was completed. (0x12B)
[0416/032429:WARNING:pe_image_reader.cc(280)] could not read dos header from C:\Windows\system32\WS2_32.dll
[0416/032429:ERROR:process_reader_win.cc(232)] ReadMemory at 0x74fb0000 of 64 bytes failed: Only part of a ReadProcessMemory or WriteProcessMemory request was completed. (0x12B)
[0416/032429:WARNING:pe_image_reader.cc(280)] could not read dos header from C:\Windows\system32\MSASN1.dll
[0416/032429:ERROR:process_reader_win.cc(232)] ReadMemory at 0x750a0000 of 64 bytes failed: Only part of a ReadProcessMemory or WriteProcessMemory request was completed. (0x12B)
[0416/032429:WARNING:pe_image_reader.cc(280)] could not read dos header from C:\Windows\system32\CRYPT32.dll
[0416/032429:ERROR:process_reader_win.cc(232)] ReadMemory at 0x751c0000 of 64 bytes failed: Only part of a ReadProcessMemory or WriteProcessMemory request was completed. (0x12B)
[0416/032429:WARNING:pe_image_reader.cc(280)] could not read dos header from C:\Windows\system32\WINTRUST.dll
[0416/032429:ERROR:process_reader_win.cc(232)] ReadMemory at 0x74d00000 of 64 bytes failed: Only part of a ReadProcessMemory or WriteProcessMemory request was completed. (0x12B)
[0416/032429:WARNING:pe_image_reader.cc(280)] could not read dos header from C:\Windows\system32\Secur32.dll
[0416/032429:ERROR:process_reader_win.cc(232)] ReadMemory at 0x74e50000 of 64 bytes failed: Only part of a ReadProcessMemory or WriteProcessMemory request was completed. (0x12B)
[0416/032429:WARNING:pe_image_reader.cc(280)] could not read dos header from C:\Windows\system32\SSPICLI.DLL
[0416/032429:ERROR:process_reader_win.cc(232)] ReadMemory at 0x51dc0000 of 64 bytes failed: Only part of a ReadProcessMemory or WriteProcessMemory request was completed. (0x12B)
[0416/032429:WARNING:pe_image_reader.cc(280)] could not read dos header from C:\Program Files\Google\Chrome\Application\49.0.2623.112\chrome_child.dll
[0416/032429:ERROR:process_reader_win.cc(232)] ReadMemory at 0x61120000 of 64 bytes failed: Only part of a ReadProcessMemory or WriteProcessMemory request was completed. (0x12B)
[0416/032429:WARNING:pe_image_reader.cc(280)] could not read dos header from C:\Windows\system32\dwrite.dll
[0416/032429:ERROR:process_reader_win.cc(232)] ReadMemory at 0x74ec0000 of 64 bytes failed: Only part of a ReadProcessMemory or WriteProcessMemory request was completed. (0x12B)
[0416/032429:WARNING:pe_image_reader.cc(280)] could not read dos header from C:\Windows\system32\cryptbase.dll
[0416/032429:ERROR:process_reader_win.cc(232)] ReadMemory at 0x146c154 of 12 bytes failed: Only part of a ReadProcessMemory or WriteProcessMemory request was completed. (0x12B)
[0416/032429:WARNING:process_snapshot_win.cc(89)] ReadMemory ExceptionInformation failed
[0416/032429:WARNING:crash_report_exception_handler.cc(60)] ProcessSnapshotWin::InitializeException failed
[0416/032429:ERROR:scoped_process_suspend.cc(38)] NtResumeProcess, ntstatus=-1073741558
